0 info it worked if it ends with ok
1 verbose cli [ 'C:\\Program Files (x86)\\nodejs\\node.exe',
1 verbose cli   'C:\\Program Files (x86)\\nodejs\\node_modules\\npm\\bin\\npm-cli.js',
1 verbose cli   'run',
1 verbose cli   'dev' ]
2 info using npm@2.15.11
3 info using node@v0.12.18
4 verbose run-script [ 'predev', 'dev', 'postdev' ]
5 info predev rapqp@1.0.0
6 info dev rapqp@1.0.0
7 verbose unsafe-perm in lifecycle true
8 info rapqp@1.0.0 Failed to exec dev script
9 verbose stack Error: rapqp@1.0.0 dev: `nodemon app.js`
9 verbose stack Exit status 1
9 verbose stack     at EventEmitter.<anonymous> (C:\Program Files (x86)\nodejs\node_modules\npm\lib\utils\lifecycle.js:217:16)
9 verbose stack     at EventEmitter.emit (events.js:110:17)
9 verbose stack     at ChildProcess.<anonymous> (C:\Program Files (x86)\nodejs\node_modules\npm\lib\utils\spawn.js:24:14)
9 verbose stack     at ChildProcess.emit (events.js:110:17)
9 verbose stack     at maybeClose (child_process.js:1019:16)
9 verbose stack     at Process.ChildProcess._handle.onexit (child_process.js:1091:5)
10 verbose pkgid rapqp@1.0.0
11 verbose cwd C:\drive\gpt\Rapqp
12 error Windows_NT 6.2.9200
13 error argv "C:\\Program Files (x86)\\nodejs\\node.exe" "C:\\Program Files (x86)\\nodejs\\node_modules\\npm\\bin\\npm-cli.js" "run" "dev"
14 error node v0.12.18
15 error npm  v2.15.11
16 error code ELIFECYCLE
17 error rapqp@1.0.0 dev: `nodemon app.js`
17 error Exit status 1
18 error Failed at the rapqp@1.0.0 dev script 'nodemon app.js'.
18 error This is most likely a problem with the rapqp package,
18 error not with npm itself.
18 error Tell the author that this fails on your system:
18 error     nodemon app.js
18 error You can get information on how to open an issue for this project with:
18 error     npm bugs rapqp
18 error Or if that isn't available, you can get their info via:
18 error
18 error     npm owner ls rapqp
18 error There is likely additional logging output above.
19 verbose exit [ 1, true ]
